This file contains any messages produced by compilers while
running configure, to aid debugging if configure makes a mistake.

It was created by sunxi-tools configure 2.0, which was
generated by GNU Autoconf 2.69.  Invocation command line was

  $ /home/tuh/workspace/sunxi-tools/configure 

## --------- ##
## Platform. ##
## --------- ##

hostname = tuh-XPS-L701X
uname -m = x86_64
uname -r = 3.11.0-14-generic
uname -s = Linux
uname -v = #21-Ubuntu SMP Tue Nov 12 17:04:55 UTC 2013

/usr/bin/uname -p = unknown
/bin/uname -X     = unknown

/bin/arch              = unknown
/usr/bin/arch -k       = unknown
/usr/convex/getsysinfo = unknown
/usr/bin/hostinfo      = unknown
/bin/machine           = unknown
/usr/bin/oslevel       = unknown
/bin/universe          = unknown

PATH: /usr/lib/lightdm/lightdm
PATH: /usr/local/sbin
PATH: /usr/local/bin
PATH: /usr/sbin
PATH: /usr/bin
PATH: /sbin
PATH: /bin
PATH: /usr/games
PATH: /usr/local/games


## ----------- ##
## Core tests. ##
## ----------- ##

configure:2301: checking build system type
configure:2315: result: x86_64-unknown-linux-gnu
configure:2335: checking host system type
configure:2348: result: x86_64-unknown-linux-gnu
configure:2389: checking how to print strings
configure:2416: result: printf
configure:2485: checking for gcc
configure:2501: found /usr/bin/gcc
configure:2512: result: gcc
configure:2741: checking for C compiler version
configure:2750: gcc --version >&5
gcc (Ubuntu/Linaro 4.8.1-10ubuntu9) 4.8.1
Copyright (C) 2013 Free Software Foundation, Inc.
This is free software; see the source for copying conditions.  There is NO
warranty; not even for MERCHANTABILITY or FITNESS FOR A PARTICULAR PURPOSE.

configure:2761: $? = 0
configure:2750: gcc -v >&5
Using built-in specs.
COLLECT_GCC=gcc
COLLECT_LTO_WRAPPER=/usr/lib/gcc/x86_64-linux-gnu/4.8/lto-wrapper
Target: x86_64-linux-gnu
Configured with: ../src/configure -v --with-pkgversion='Ubuntu/Linaro 4.8.1-10ubuntu9' --with-bugurl=file:///usr/share/doc/gcc-4.8/README.Bugs --enable-languages=c,c++,java,go,d,fortran,objc,obj-c++ --prefix=/usr --program-suffix=-4.8 --enable-shared --enable-linker-build-id --libexecdir=/usr/lib --without-included-gettext --enable-threads=posix --with-gxx-include-dir=/usr/include/c++/4.8 --libdir=/usr/lib --enable-nls --with-sysroot=/ --enable-clocale=gnu --enable-libstdcxx-debug --enable-libstdcxx-time=yes --enable-gnu-unique-object --enable-plugin --with-system-zlib --disable-browser-plugin --enable-java-awt=gtk --enable-gtk-cairo --with-java-home=/usr/lib/jvm/java-1.5.0-gcj-4.8-amd64/jre --enable-java-home --with-jvm-root-dir=/usr/lib/jvm/java-1.5.0-gcj-4.8-amd64 --with-jvm-jar-dir=/usr/lib/jvm-exports/java-1.5.0-gcj-4.8-amd64 --with-arch-directory=amd64 --with-ecj-jar=/usr/share/java/eclipse-ecj.jar --enable-objc-gc --enable-multiarch --disable-werror --with-arch-32=i686 --with-abi=m64 --with-multilib-list=m32,m64,mx32 --with-tune=generic --enable-checking=release --build=x86_64-linux-gnu --host=x86_64-linux-gnu --target=x86_64-linux-gnu
Thread model: posix
gcc version 4.8.1 (Ubuntu/Linaro 4.8.1-10ubuntu9) 
configure:2761: $? = 0
configure:2750: gcc -V >&5
gcc: error: unrecognized command line option '-V'
gcc: fatal error: no input files
compilation terminated.
configure:2761: $? = 4
configure:2750: gcc -qversion >&5
gcc: error: unrecognized command line option '-qversion'
gcc: fatal error: no input files
compilation terminated.
configure:2761: $? = 4
configure:2781: checking whether the C compiler works
configure:2803: gcc    conftest.c  >&5
configure:2807: $? = 0
configure:2855: result: yes
configure:2858: checking for C compiler default output file name
configure:2860: result: a.out
configure:2866: checking for suffix of executables
configure:2873: gcc -o conftest    conftest.c  >&5
configure:2877: $? = 0
configure:2899: result: 
configure:2921: checking whether we are cross compiling
configure:2929: gcc -o conftest    conftest.c  >&5
configure:2933: $? = 0
configure:2940: ./conftest
configure:2944: $? = 0
configure:2959: result: no
configure:2964: checking for suffix of object files
configure:2986: gcc -c   conftest.c >&5
configure:2990: $? = 0
configure:3011: result: o
configure:3015: checking whether we are using the GNU C compiler
configure:3034: gcc -c   conftest.c >&5
configure:3034: $? = 0
configure:3043: result: yes
configure:3052: checking whether gcc accepts -g
configure:3072: gcc -c -g  conftest.c >&5
configure:3072: $? = 0
configure:3113: result: yes
configure:3130: checking for gcc option to accept ISO C89
configure:3193: gcc  -c -g -O2  conftest.c >&5
configure:3193: $? = 0
configure:3206: result: none needed
configure:3226: checking for a sed that does not truncate output
configure:3290: result: /bin/sed
configure:3308: checking for grep that handles long lines and -e
configure:3366: result: /bin/grep
configure:3371: checking for egrep
configure:3433: result: /bin/grep -E
configure:3438: checking for fgrep
configure:3500: result: /bin/grep -F
configure:3535: checking for ld used by gcc
configure:3602: result: /usr/bin/ld
configure:3609: checking if the linker (/usr/bin/ld) is GNU ld
configure:3624: result: yes
configure:3636: checking for BSD- or MS-compatible name lister (nm)
configure:3685: result: /usr/bin/nm -B
configure:3815: checking the name lister (/usr/bin/nm -B) interface
configure:3822: gcc -c -g -O2  conftest.c >&5
configure:3825: /usr/bin/nm -B "conftest.o"
configure:3828: output
0000000000000000 B some_variable
configure:3835: result: BSD nm
configure:3838: checking whether ln -s works
configure:3842: result: yes
configure:3850: checking the maximum length of command line arguments
configure:3981: result: 1572864
configure:3998: checking whether the shell understands some XSI constructs
configure:4008: result: yes
configure:4012: checking whether the shell understands "+="
configure:4018: result: yes
configure:4053: checking how to convert x86_64-unknown-linux-gnu file names to x86_64-unknown-linux-gnu format
configure:4093: result: func_convert_file_noop
configure:4100: checking how to convert x86_64-unknown-linux-gnu file names to toolchain format
configure:4120: result: func_convert_file_noop
configure:4127: checking for /usr/bin/ld option to reload object files
configure:4134: result: -r
configure:4208: checking for objdump
configure:4224: found /usr/bin/objdump
configure:4235: result: objdump
configure:4267: checking how to recognize dependent libraries
configure:4465: result: pass_all
configure:4550: checking for dlltool
configure:4580: result: no
configure:4610: checking how to associate runtime and link libraries
configure:4637: result: printf %s\n
configure:4698: checking for ar
configure:4714: found /usr/bin/ar
configure:4725: result: ar
configure:4762: checking for archiver @FILE support
configure:4779: gcc -c -g -O2  conftest.c >&5
configure:4779: $? = 0
configure:4782: ar cru libconftest.a @conftest.lst >&5
configure:4785: $? = 0
configure:4790: ar cru libconftest.a @conftest.lst >&5
ar: conftest.o: No such file or directory
configure:4793: $? = 1
configure:4805: result: @
configure:4863: checking for strip
configure:4879: found /usr/bin/strip
configure:4890: result: strip
configure:4962: checking for ranlib
configure:4978: found /usr/bin/ranlib
configure:4989: result: ranlib
configure:5066: checking for gawk
configure:5096: result: no
configure:5066: checking for mawk
configure:5082: found /usr/bin/mawk
configure:5093: result: mawk
configure:5133: checking command to parse /usr/bin/nm -B output from gcc object
configure:5253: gcc -c -g -O2  conftest.c >&5
configure:5256: $? = 0
configure:5260: /usr/bin/nm -B conftest.o \| sed -n -e 's/^.*[ ]\([ABCDGIRSTW][ABCDGIRSTW]*\)[ ][ ]*\([_A-Za-z][_A-Za-z0-9]*\)$/\1 \2 \2/p' | sed '/ __gnu_lto/d' \> conftest.nm
configure:5263: $? = 0
configure:5329: gcc -o conftest -g -O2   conftest.c conftstm.o >&5
configure:5332: $? = 0
configure:5370: result: ok
configure:5407: checking for sysroot
configure:5437: result: no
configure:5514: gcc -c -g -O2  conftest.c >&5
configure:5517: $? = 0
configure:5700: checking for mt
configure:5716: found /bin/mt
configure:5727: result: mt
configure:5750: checking if mt is a manifest tool
configure:5756: mt '-?'
configure:5764: result: no
configure:6406: checking how to run the C preprocessor
configure:6437: gcc -E  conftest.c
configure:6437: $? = 0
configure:6451: gcc -E  conftest.c
conftest.c:13:28: fatal error: ac_nonexistent.h: No such file or directory
 #include <ac_nonexistent.h>
                            ^
compilation terminated.
configure:6451: $? = 1
configure: failed program was:
| /* confdefs.h */
| #define PACKAGE_NAME "sunxi-tools"
| #define PACKAGE_TARNAME "sunxi-tools"
| #define PACKAGE_VERSION "2.0"
| #define PACKAGE_STRING "sunxi-tools 2.0"
| #define PACKAGE_BUGREPORT "https://github.com/EddyBeaupre/sunxi-tools/issues"
| #define PACKAGE_URL ""
| #define PACKAGE_COPYRIGHT "2013 Eddy Beaupre <eddy@beaupre.biz>"
| #define PACKAGE_LICENCE "GPLv2+: GNU GPL version 2 or later <http://gnu.org/licenses/gpl.html"
| #define PACKAGE_HOMEPAGE "https://github.com/EddyBeaupre/sunxi-tools"
| #define PACKAGE_HELPPAGE "https://github.com/linux-sunxi/"
| /* end confdefs.h.  */
| #include <ac_nonexistent.h>
configure:6476: result: gcc -E
configure:6496: gcc -E  conftest.c
configure:6496: $? = 0
configure:6510: gcc -E  conftest.c
conftest.c:13:28: fatal error: ac_nonexistent.h: No such file or directory
 #include <ac_nonexistent.h>
                            ^
compilation terminated.
configure:6510: $? = 1
configure: failed program was:
| /* confdefs.h */
| #define PACKAGE_NAME "sunxi-tools"
| #define PACKAGE_TARNAME "sunxi-tools"
| #define PACKAGE_VERSION "2.0"
| #define PACKAGE_STRING "sunxi-tools 2.0"
| #define PACKAGE_BUGREPORT "https://github.com/EddyBeaupre/sunxi-tools/issues"
| #define PACKAGE_URL ""
| #define PACKAGE_COPYRIGHT "2013 Eddy Beaupre <eddy@beaupre.biz>"
| #define PACKAGE_LICENCE "GPLv2+: GNU GPL version 2 or later <http://gnu.org/licenses/gpl.html"
| #define PACKAGE_HOMEPAGE "https://github.com/EddyBeaupre/sunxi-tools"
| #define PACKAGE_HELPPAGE "https://github.com/linux-sunxi/"
| /* end confdefs.h.  */
| #include <ac_nonexistent.h>
configure:6539: checking for ANSI C header files
configure:6559: gcc -c -g -O2  conftest.c >&5
configure:6559: $? = 0
configure:6632: gcc -o conftest -g -O2   conftest.c  >&5
configure:6632: $? = 0
configure:6632: ./conftest
configure:6632: $? = 0
configure:6643: result: yes
configure:6656: checking for sys/types.h
configure:6656: gcc -c -g -O2  conftest.c >&5
configure:6656: $? = 0
configure:6656: result: yes
configure:6656: checking for sys/stat.h
configure:6656: gcc -c -g -O2  conftest.c >&5
configure:6656: $? = 0
configure:6656: result: yes
configure:6656: checking for stdlib.h
configure:6656: gcc -c -g -O2  conftest.c >&5
configure:6656: $? = 0
configure:6656: result: yes
configure:6656: checking for string.h
configure:6656: gcc -c -g -O2  conftest.c >&5
configure:6656: $? = 0
configure:6656: result: yes
configure:6656: checking for memory.h
configure:6656: gcc -c -g -O2  conftest.c >&5
configure:6656: $? = 0
configure:6656: result: yes
configure:6656: checking for strings.h
configure:6656: gcc -c -g -O2  conftest.c >&5
configure:6656: $? = 0
configure:6656: result: yes
configure:6656: checking for inttypes.h
configure:6656: gcc -c -g -O2  conftest.c >&5
configure:6656: $? = 0
configure:6656: result: yes
configure:6656: checking for stdint.h
configure:6656: gcc -c -g -O2  conftest.c >&5
configure:6656: $? = 0
configure:6656: result: yes
configure:6656: checking for unistd.h
configure:6656: gcc -c -g -O2  conftest.c >&5
configure:6656: $? = 0
configure:6656: result: yes
configure:6670: checking for dlfcn.h
configure:6670: gcc -c -g -O2  conftest.c >&5
configure:6670: $? = 0
configure:6670: result: yes
configure:6876: checking for objdir
configure:6891: result: .libs
configure:7162: checking if gcc supports -fno-rtti -fno-exceptions
configure:7180: gcc -c -g -O2  -fno-rtti -fno-exceptions conftest.c >&5
cc1: warning: command line option '-fno-rtti' is valid for C++/ObjC++ but not for C [enabled by default]
configure:7184: $? = 0
configure:7197: result: no
configure:7524: checking for gcc option to produce PIC
configure:7531: result: -fPIC -DPIC
configure:7539: checking if gcc PIC flag -fPIC -DPIC works
configure:7557: gcc -c -g -O2  -fPIC -DPIC -DPIC conftest.c >&5
configure:7561: $? = 0
configure:7574: result: yes
configure:7603: checking if gcc static flag -static works
configure:7631: result: yes
configure:7646: checking if gcc supports -c -o file.o
configure:7667: gcc -c -g -O2  -o out/conftest2.o conftest.c >&5
configure:7671: $? = 0
configure:7693: result: yes
configure:7701: checking if gcc supports -c -o file.o
configure:7748: result: yes
configure:7781: checking whether the gcc linker (/usr/bin/ld -m elf_x86_64) supports shared libraries
configure:8938: result: yes
configure:8975: checking whether -lc should be explicitly linked in
configure:8983: gcc -c -g -O2  conftest.c >&5
configure:8986: $? = 0
configure:9001: gcc -shared  -fPIC -DPIC conftest.o  -v -Wl,-soname -Wl,conftest -o conftest 2\>\&1 \| /bin/grep  -lc  \>/dev/null 2\>\&1
configure:9004: $? = 0
configure:9018: result: no
configure:9178: checking dynamic linker characteristics
configure:9678: gcc -o conftest -g -O2   -Wl,-rpath -Wl,/foo conftest.c  >&5
configure:9678: $? = 0
configure:9912: result: GNU/Linux ld.so
configure:10019: checking how to hardcode library paths into programs
configure:10044: result: immediate
configure:10584: checking whether stripping libraries is possible
configure:10589: result: yes
configure:10624: checking if libtool supports shared libraries
configure:10626: result: yes
configure:10629: checking whether to build shared libraries
configure:10650: result: yes
configure:10653: checking whether to build static libraries
configure:10657: result: yes
configure:10713: checking for a BSD-compatible install
configure:10781: result: /usr/bin/install -c
configure:10792: checking whether build environment is sane
configure:10842: result: yes
configure:10983: checking for a thread-safe mkdir -p
configure:11022: result: /bin/mkdir -p
configure:11031: checking whether make sets $(MAKE)
configure:11053: result: yes
configure:11083: checking for style of include used by make
configure:11111: result: GNU
configure:11197: checking dependency style of gcc
configure:11308: result: gcc3
configure:11332: checking whether NLS is requested
configure:11341: result: yes
configure:11382: checking for msgfmt
configure: trying /usr/bin/msgfmt...
0 translated messages.
configure:11414: result: /usr/bin/msgfmt
configure:11423: checking for gmsgfmt
configure:11454: result: /usr/bin/msgfmt
configure:11505: checking for xgettext
configure: trying /usr/bin/xgettext...
/usr/bin/xgettext: warning: file `/dev/null' extension `' is unknown; will try C
configure:11537: result: /usr/bin/xgettext
configure:11583: checking for msgmerge
configure: trying /usr/bin/msgmerge...
configure:11614: result: /usr/bin/msgmerge
configure:11671: checking for ld used by GCC
configure:11735: result: /usr/bin/ld -m elf_x86_64
configure:11742: checking if the linker (/usr/bin/ld -m elf_x86_64) is GNU ld
configure:11755: result: yes
configure:11762: checking for shared library run path origin
configure:11775: result: done
configure:12347: checking for CFPreferencesCopyAppValue
configure:12365: gcc -o conftest -g -O2   conftest.c  -Wl,-framework -Wl,CoreFoundation >&5
conftest.c:27:42: fatal error: CoreFoundation/CFPreferences.h: No such file or directory
 #include <CoreFoundation/CFPreferences.h>
                                          ^
compilation terminated.
configure:12365: $? = 1
configure: failed program was:
| /* confdefs.h */
| #define PACKAGE_NAME "sunxi-tools"
| #define PACKAGE_TARNAME "sunxi-tools"
| #define PACKAGE_VERSION "2.0"
| #define PACKAGE_STRING "sunxi-tools 2.0"
| #define PACKAGE_BUGREPORT "https://github.com/EddyBeaupre/sunxi-tools/issues"
| #define PACKAGE_URL ""
| #define PACKAGE_COPYRIGHT "2013 Eddy Beaupre <eddy@beaupre.biz>"
| #define PACKAGE_LICENCE "GPLv2+: GNU GPL version 2 or later <http://gnu.org/licenses/gpl.html"
| #define PACKAGE_HOMEPAGE "https://github.com/EddyBeaupre/sunxi-tools"
| #define PACKAGE_HELPPAGE "https://github.com/linux-sunxi/"
| #define STDC_HEADERS 1
| #define HAVE_SYS_TYPES_H 1
| #define HAVE_SYS_STAT_H 1
| #define HAVE_STDLIB_H 1
| #define HAVE_STRING_H 1
| #define HAVE_MEMORY_H 1
| #define HAVE_STRINGS_H 1
| #define HAVE_INTTYPES_H 1
| #define HAVE_STDINT_H 1
| #define HAVE_UNISTD_H 1
| #define HAVE_DLFCN_H 1
| #define LT_OBJDIR ".libs/"
| #define PACKAGE "sunxi-tools"
| #define VERSION "2.0"
| /* end confdefs.h.  */
| #include <CoreFoundation/CFPreferences.h>
| int
| main ()
| {
| CFPreferencesCopyAppValue(NULL, NULL)
|   ;
|   return 0;
| }
configure:12374: result: no
configure:12381: checking for CFLocaleCopyCurrent
configure:12399: gcc -o conftest -g -O2   conftest.c  -Wl,-framework -Wl,CoreFoundation >&5
conftest.c:27:37: fatal error: CoreFoundation/CFLocale.h: No such file or directory
 #include <CoreFoundation/CFLocale.h>
                                     ^
compilation terminated.
configure:12399: $? = 1
configure: failed program was:
| /* confdefs.h */
| #define PACKAGE_NAME "sunxi-tools"
| #define PACKAGE_TARNAME "sunxi-tools"
| #define PACKAGE_VERSION "2.0"
| #define PACKAGE_STRING "sunxi-tools 2.0"
| #define PACKAGE_BUGREPORT "https://github.com/EddyBeaupre/sunxi-tools/issues"
| #define PACKAGE_URL ""
| #define PACKAGE_COPYRIGHT "2013 Eddy Beaupre <eddy@beaupre.biz>"
| #define PACKAGE_LICENCE "GPLv2+: GNU GPL version 2 or later <http://gnu.org/licenses/gpl.html"
| #define PACKAGE_HOMEPAGE "https://github.com/EddyBeaupre/sunxi-tools"
| #define PACKAGE_HELPPAGE "https://github.com/linux-sunxi/"
| #define STDC_HEADERS 1
| #define HAVE_SYS_TYPES_H 1
| #define HAVE_SYS_STAT_H 1
| #define HAVE_STDLIB_H 1
| #define HAVE_STRING_H 1
| #define HAVE_MEMORY_H 1
| #define HAVE_STRINGS_H 1
| #define HAVE_INTTYPES_H 1
| #define HAVE_STDINT_H 1
| #define HAVE_UNISTD_H 1
| #define HAVE_DLFCN_H 1
| #define LT_OBJDIR ".libs/"
| #define PACKAGE "sunxi-tools"
| #define VERSION "2.0"
| /* end confdefs.h.  */
| #include <CoreFoundation/CFLocale.h>
| int
| main ()
| {
| CFLocaleCopyCurrent();
|   ;
|   return 0;
| }
configure:12408: result: no
configure:12457: checking for GNU gettext in libc
configure:12477: gcc -o conftest -g -O2   conftest.c  >&5
configure:12477: $? = 0
configure:12486: result: yes
configure:13277: checking whether to use NLS
configure:13279: result: yes
configure:13282: checking where the gettext function comes from
configure:13293: result: libc
configure:13400: checking for gcc
configure:13427: result: gcc
configure:13656: checking for C compiler version
configure:13665: gcc --version >&5
gcc (Ubuntu/Linaro 4.8.1-10ubuntu9) 4.8.1
Copyright (C) 2013 Free Software Foundation, Inc.
This is free software; see the source for copying conditions.  There is NO
warranty; not even for MERCHANTABILITY or FITNESS FOR A PARTICULAR PURPOSE.

configure:13676: $? = 0
configure:13665: gcc -v >&5
Using built-in specs.
COLLECT_GCC=gcc
COLLECT_LTO_WRAPPER=/usr/lib/gcc/x86_64-linux-gnu/4.8/lto-wrapper
Target: x86_64-linux-gnu
Configured with: ../src/configure -v --with-pkgversion='Ubuntu/Linaro 4.8.1-10ubuntu9' --with-bugurl=file:///usr/share/doc/gcc-4.8/README.Bugs --enable-languages=c,c++,java,go,d,fortran,objc,obj-c++ --prefix=/usr --program-suffix=-4.8 --enable-shared --enable-linker-build-id --libexecdir=/usr/lib --without-included-gettext --enable-threads=posix --with-gxx-include-dir=/usr/include/c++/4.8 --libdir=/usr/lib --enable-nls --with-sysroot=/ --enable-clocale=gnu --enable-libstdcxx-debug --enable-libstdcxx-time=yes --enable-gnu-unique-object --enable-plugin --with-system-zlib --disable-browser-plugin --enable-java-awt=gtk --enable-gtk-cairo --with-java-home=/usr/lib/jvm/java-1.5.0-gcj-4.8-amd64/jre --enable-java-home --with-jvm-root-dir=/usr/lib/jvm/java-1.5.0-gcj-4.8-amd64 --with-jvm-jar-dir=/usr/lib/jvm-exports/java-1.5.0-gcj-4.8-amd64 --with-arch-directory=amd64 --with-ecj-jar=/usr/share/java/eclipse-ecj.jar --enable-objc-gc --enable-multiarch --disable-werror --with-arch-32=i686 --with-abi=m64 --with-multilib-list=m32,m64,mx32 --with-tune=generic --enable-checking=release --build=x86_64-linux-gnu --host=x86_64-linux-gnu --target=x86_64-linux-gnu
Thread model: posix
gcc version 4.8.1 (Ubuntu/Linaro 4.8.1-10ubuntu9) 
configure:13676: $? = 0
configure:13665: gcc -V >&5
gcc: error: unrecognized command line option '-V'
gcc: fatal error: no input files
compilation terminated.
configure:13676: $? = 4
configure:13665: gcc -qversion >&5
gcc: error: unrecognized command line option '-qversion'
gcc: fatal error: no input files
compilation terminated.
configure:13676: $? = 4
configure:13680: checking whether we are using the GNU C compiler
configure:13708: result: yes
configure:13717: checking whether gcc accepts -g
configure:13778: result: yes
configure:13795: checking for gcc option to accept ISO C89
configure:13871: result: none needed
configure:13898: checking libintl.h usability
configure:13898: gcc -c -g -O2  conftest.c >&5
configure:13898: $? = 0
configure:13898: result: yes
configure:13898: checking libintl.h presence
configure:13898: gcc -E  conftest.c
configure:13898: $? = 0
configure:13898: result: yes
configure:13898: checking for libintl.h
configure:13898: result: yes
configure:13898: checking locale.h usability
configure:13898: gcc -c -g -O2  conftest.c >&5
configure:13898: $? = 0
configure:13898: result: yes
configure:13898: checking locale.h presence
configure:13898: gcc -E  conftest.c
configure:13898: $? = 0
configure:13898: result: yes
configure:13898: checking for locale.h
configure:13898: result: yes
configure:13898: checking for stdlib.h
configure:13898: result: yes
configure:13914: checking for setlocale
configure:13914: gcc -o conftest -g -O2   conftest.c  >&5
configure:13914: $? = 0
configure:13914: result: yes
configure:14056: creating ./config.status

## ---------------------- ##
## Running config.status. ##
## ---------------------- ##

This file was extended by sunxi-tools config.status 2.0, which was
generated by GNU Autoconf 2.69.  Invocation command line was

  CONFIG_FILES    = 
  CONFIG_HEADERS  = 
  CONFIG_LINKS    = 
  CONFIG_COMMANDS = 
  $ ./config.status 

on tuh-XPS-L701X

config.status:1114: creating Makefile
config.status:1114: creating po/Makefile.in
config.status:1114: creating src/Makefile
config.status:1114: creating config.h
config.status:1343: executing libtool commands
config.status:1343: executing depfiles commands
config.status:1343: executing po-directories commands

## ---------------- ##
## Cache variables. ##
## ---------------- ##

ac_cv_build=x86_64-unknown-linux-gnu
ac_cv_c_compiler_gnu=yes
ac_cv_env_CC_set=
ac_cv_env_CC_value=
ac_cv_env_CFLAGS_set=
ac_cv_env_CFLAGS_value=
ac_cv_env_CPPFLAGS_set=
ac_cv_env_CPPFLAGS_value=
ac_cv_env_CPP_set=
ac_cv_env_CPP_value=
ac_cv_env_LDFLAGS_set=
ac_cv_env_LDFLAGS_value=
ac_cv_env_LIBS_set=
ac_cv_env_LIBS_value=
ac_cv_env_build_alias_set=
ac_cv_env_build_alias_value=
ac_cv_env_host_alias_set=
ac_cv_env_host_alias_value=
ac_cv_env_target_alias_set=
ac_cv_env_target_alias_value=
ac_cv_func_setlocale=yes
ac_cv_header_dlfcn_h=yes
ac_cv_header_inttypes_h=yes
ac_cv_header_libintl_h=yes
ac_cv_header_locale_h=yes
ac_cv_header_memory_h=yes
ac_cv_header_stdc=yes
ac_cv_header_stdint_h=yes
ac_cv_header_stdlib_h=yes
ac_cv_header_string_h=yes
ac_cv_header_strings_h=yes
ac_cv_header_sys_stat_h=yes
ac_cv_header_sys_types_h=yes
ac_cv_header_unistd_h=yes
ac_cv_host=x86_64-unknown-linux-gnu
ac_cv_objext=o
ac_cv_path_EGREP='/bin/grep -E'
ac_cv_path_FGREP='/bin/grep -F'
ac_cv_path_GMSGFMT=/usr/bin/msgfmt
ac_cv_path_GREP=/bin/grep
ac_cv_path_MSGFMT=/usr/bin/msgfmt
ac_cv_path_MSGMERGE=/usr/bin/msgmerge
ac_cv_path_SED=/bin/sed
ac_cv_path_XGETTEXT=/usr/bin/xgettext
ac_cv_path_install='/usr/bin/install -c'
ac_cv_path_mkdir=/bin/mkdir
ac_cv_prog_AWK=mawk
ac_cv_prog_CPP='gcc -E'
ac_cv_prog_ac_ct_AR=ar
ac_cv_prog_ac_ct_CC=gcc
ac_cv_prog_ac_ct_MANIFEST_TOOL=mt
ac_cv_prog_ac_ct_OBJDUMP=objdump
ac_cv_prog_ac_ct_RANLIB=ranlib
ac_cv_prog_ac_ct_STRIP=strip
ac_cv_prog_cc_c89=
ac_cv_prog_cc_g=yes
ac_cv_prog_make_make_set=yes
acl_cv_hardcode_direct=no
acl_cv_hardcode_libdir_flag_spec='${wl}-rpath ${wl}$libdir'
acl_cv_hardcode_libdir_separator=
acl_cv_hardcode_minus_L=no
acl_cv_libext=a
acl_cv_libname_spec='lib$name'
acl_cv_library_names_spec='$libname$shrext'
acl_cv_path_LD='/usr/bin/ld -m elf_x86_64'
acl_cv_prog_gnu_ld=yes
acl_cv_rpath=done
acl_cv_shlibext=so
acl_cv_wl=-Wl,
am_cv_CC_dependencies_compiler_type=gcc3
gt_cv_func_CFLocaleCopyCurrent=no
gt_cv_func_CFPreferencesCopyAppValue=no
gt_cv_func_gnugettext1_libc=yes
lt_cv_ar_at_file=@
lt_cv_archive_cmds_need_lc=no
lt_cv_deplibs_check_method=pass_all
lt_cv_file_magic_cmd='$MAGIC_CMD'
lt_cv_file_magic_test_file=
lt_cv_ld_reload_flag=-r
lt_cv_nm_interface='BSD nm'
lt_cv_objdir=.libs
lt_cv_path_LD=/usr/bin/ld
lt_cv_path_NM='/usr/bin/nm -B'
lt_cv_path_mainfest_tool=no
lt_cv_prog_compiler_c_o=yes
lt_cv_prog_compiler_pic='-fPIC -DPIC'
lt_cv_prog_compiler_pic_works=yes
lt_cv_prog_compiler_rtti_exceptions=no
lt_cv_prog_compiler_static_works=yes
lt_cv_prog_gnu_ld=yes
lt_cv_sharedlib_from_linklib_cmd='printf %s\n'
lt_cv_shlibpath_overrides_runpath=no
lt_cv_sys_global_symbol_pipe='sed -n -e '\''s/^.*[	 ]\([ABCDGIRSTW][ABCDGIRSTW]*\)[	 ][	 ]*\([_A-Za-z][_A-Za-z0-9]*\)$/\1 \2 \2/p'\'' | sed '\''/ __gnu_lto/d'\'''
lt_cv_sys_global_symbol_to_c_name_address='sed -n -e '\''s/^: \([^ ]*\)[ ]*$/  {\"\1\", (void *) 0},/p'\'' -e '\''s/^[ABCDGIRSTW]* \([^ ]*\) \([^ ]*\)$/  {"\2", (void *) \&\2},/p'\'''
lt_cv_sys_global_symbol_to_c_name_address_lib_prefix='sed -n -e '\''s/^: \([^ ]*\)[ ]*$/  {\"\1\", (void *) 0},/p'\'' -e '\''s/^[ABCDGIRSTW]* \([^ ]*\) \(lib[^ ]*\)$/  {"\2", (void *) \&\2},/p'\'' -e '\''s/^[ABCDGIRSTW]* \([^ ]*\) \([^ ]*\)$/  {"lib\2", (void *) \&\2},/p'\'''
lt_cv_sys_global_symbol_to_cdecl='sed -n -e '\''s/^T .* \(.*\)$/extern int \1();/p'\'' -e '\''s/^[ABCDGIRSTW]* .* \(.*\)$/extern char \1;/p'\'''
lt_cv_sys_max_cmd_len=1572864
lt_cv_to_host_file_cmd=func_convert_file_noop
lt_cv_to_tool_file_cmd=func_convert_file_noop

## ----------------- ##
## Output variables. ##
## ----------------- ##

ACLOCAL='${SHELL} /home/tuh/workspace/sunxi-tools/missing --run aclocal-1.11'
AMDEPBACKSLASH='\'
AMDEP_FALSE='#'
AMDEP_TRUE=''
AMTAR='$${TAR-tar}'
AR='ar'
AUTOCONF='${SHELL} /home/tuh/workspace/sunxi-tools/missing --run autoconf'
AUTOHEADER='${SHELL} /home/tuh/workspace/sunxi-tools/missing --run autoheader'
AUTOMAKE='${SHELL} /home/tuh/workspace/sunxi-tools/missing --run automake-1.11'
AWK='mawk'
CC='gcc'
CCDEPMODE='depmode=gcc3'
CFLAGS='-g -O2'
CPP='gcc -E'
CPPFLAGS=''
CYGPATH_W='echo'
DEFS='-DHAVE_CONFIG_H'
DEPDIR='.deps'
DLLTOOL='false'
DSYMUTIL=''
DUMPBIN=''
ECHO_C=''
ECHO_N='-n'
ECHO_T=''
EGREP='/bin/grep -E'
EXEEXT=''
FGREP='/bin/grep -F'
GETTEXT_MACRO_VERSION='0.18'
GMSGFMT='/usr/bin/msgfmt'
GMSGFMT_015='/usr/bin/msgfmt'
GREP='/bin/grep'
INSTALL_DATA='${INSTALL} -m 644'
INSTALL_PROGRAM='${INSTALL}'
INSTALL_SCRIPT='${INSTALL}'
INSTALL_STRIP_PROGRAM='$(install_sh) -c -s'
INTLLIBS=''
INTL_MACOSX_LIBS=''
LD='/usr/bin/ld -m elf_x86_64'
LDFLAGS=''
LIBICONV='-liconv'
LIBINTL=''
LIBOBJS=''
LIBS=''
LIBTOOL='$(SHELL) $(top_builddir)/libtool'
LIPO=''
LN_S='ln -s'
LTLIBICONV='-liconv'
LTLIBINTL=''
LTLIBOBJS=''
MAKEINFO='${SHELL} /home/tuh/workspace/sunxi-tools/missing --run makeinfo'
MANIFEST_TOOL=':'
MKDIR_P='/bin/mkdir -p'
MSGFMT='/usr/bin/msgfmt'
MSGFMT_015='/usr/bin/msgfmt'
MSGMERGE='/usr/bin/msgmerge'
NM='/usr/bin/nm -B'
NMEDIT=''
OBJDUMP='objdump'
OBJEXT='o'
OTOOL64=''
OTOOL=''
PACKAGE='sunxi-tools'
PACKAGE_BUGREPORT='https://github.com/EddyBeaupre/sunxi-tools/issues'
PACKAGE_NAME='sunxi-tools'
PACKAGE_STRING='sunxi-tools 2.0'
PACKAGE_TARNAME='sunxi-tools'
PACKAGE_URL=''
PACKAGE_VERSION='2.0'
PATH_SEPARATOR=':'
POSUB='po'
RANLIB='ranlib'
SED='/bin/sed'
SET_MAKE=''
SHELL='/bin/bash'
STRIP='strip'
USE_NLS='yes'
VERSION='2.0'
XGETTEXT='/usr/bin/xgettext'
XGETTEXT_015='/usr/bin/xgettext'
XGETTEXT_EXTRA_OPTIONS=''
ac_ct_AR='ar'
ac_ct_CC='gcc'
ac_ct_DUMPBIN=''
am__EXEEXT_FALSE=''
am__EXEEXT_TRUE='#'
am__fastdepCC_FALSE='#'
am__fastdepCC_TRUE=''
am__include='include'
am__isrc=''
am__leading_dot='.'
am__nodep='_no'
am__quote=''
am__tar='$${TAR-tar} chof - "$$tardir"'
am__untar='$${TAR-tar} xf -'
bindir='${exec_prefix}/bin'
build='x86_64-unknown-linux-gnu'
build_alias=''
build_cpu='x86_64'
build_os='linux-gnu'
build_vendor='unknown'
datadir='${datarootdir}'
datarootdir='${prefix}/share'
docdir='${datarootdir}/doc/${PACKAGE_TARNAME}'
dvidir='${docdir}'
exec_prefix='${prefix}'
host='x86_64-unknown-linux-gnu'
host_alias=''
host_cpu='x86_64'
host_os='linux-gnu'
host_vendor='unknown'
htmldir='${docdir}'
includedir='${prefix}/include'
infodir='${datarootdir}/info'
install_sh='${SHELL} /home/tuh/workspace/sunxi-tools/install-sh'
libdir='${exec_prefix}/lib'
libexecdir='${exec_prefix}/libexec'
localedir='${datarootdir}/locale'
localstatedir='${prefix}/var'
mandir='${datarootdir}/man'
mkdir_p='/bin/mkdir -p'
oldincludedir='/usr/include'
pdfdir='${docdir}'
prefix='/usr/local'
program_transform_name='s,x,x,'
psdir='${docdir}'
sbindir='${exec_prefix}/sbin'
sharedstatedir='${prefix}/com'
sysconfdir='${prefix}/etc'
target_alias=''

## ----------- ##
## confdefs.h. ##
## ----------- ##

/* confdefs.h */
#define PACKAGE_NAME "sunxi-tools"
#define PACKAGE_TARNAME "sunxi-tools"
#define PACKAGE_VERSION "2.0"
#define PACKAGE_STRING "sunxi-tools 2.0"
#define PACKAGE_BUGREPORT "https://github.com/EddyBeaupre/sunxi-tools/issues"
#define PACKAGE_URL ""
#define PACKAGE_COPYRIGHT "2013 Eddy Beaupre <eddy@beaupre.biz>"
#define PACKAGE_LICENCE "GPLv2+: GNU GPL version 2 or later <http://gnu.org/licenses/gpl.html"
#define PACKAGE_HOMEPAGE "https://github.com/EddyBeaupre/sunxi-tools"
#define PACKAGE_HELPPAGE "https://github.com/linux-sunxi/"
#define STDC_HEADERS 1
#define HAVE_SYS_TYPES_H 1
#define HAVE_SYS_STAT_H 1
#define HAVE_STDLIB_H 1
#define HAVE_STRING_H 1
#define HAVE_MEMORY_H 1
#define HAVE_STRINGS_H 1
#define HAVE_INTTYPES_H 1
#define HAVE_STDINT_H 1
#define HAVE_UNISTD_H 1
#define HAVE_DLFCN_H 1
#define LT_OBJDIR ".libs/"
#define PACKAGE "sunxi-tools"
#define VERSION "2.0"
#define ENABLE_NLS 1
#define HAVE_GETTEXT 1
#define HAVE_DCGETTEXT 1
#define HAVE_LIBINTL_H 1
#define HAVE_LOCALE_H 1
#define HAVE_STDLIB_H 1
#define HAVE_SETLOCALE 1

configure: exit 0
